app/seeds.txt
com.mrf.app.activity.MyordersActivity$MyOrderAdepter$ViewHolder_ViewBinding
com.mrf.app.activity.HomeActivity_ViewBinding
com.mrf.app.activity.ItemDetailsActivity
com.mrf.app.fragment.CategoryFragment_ViewBinding
com.mrf.app.fragment.ItemCategoryFragment_ViewBinding
com.mrf.app.activity.UpdateAddressActivity_ViewBinding
com.mrf.app.activity.CodActivity
com.mrf.app.activity.ContectusActivity
com.mrf.app.activity.TramsAndConditionActivity
com.mrf.app.fragment.AddressFragment_ViewBinding
com.mrf.app.activity.UpdateAddressActivity
com.mrf.app.activity.AboutsActivity
com.mrf.app.activity.SignInActivity_ViewBinding
com.mrf.app.fragment.MyCartFragment_ViewBinding
com.mrf.app.activity.OtpVerifyActivity
com.mrf.app.adepter.PopularHomeAdapter$ViewHolder_ViewBinding
com.mrf.app.activity.PrivecyPolicyActivity_ViewBinding
com.mrf.app.activity.ForgotActivity
com.mrf.app.activity.NotificationDetailsActivity
com.mrf.app.activity.FirstActivity
com.mrf.app.activity.CongratulactionActivity_ViewBinding
com.mrf.app.activity.ProfileActivity
com.mrf.app.activity.AddressActivity_ViewBinding
com.mrf.app.MainActivity1
com.mrf.app.activity.SignUpActivity_ViewBinding
com.mrf.app.fragment.ItemItemFragment_ViewBinding
com.mrf.app.utils.ProportionalImageView
com.mrf.app.activity.HomeActivity
com.mrf.app.activity.NotificationDetailsActivity_ViewBinding
com.mrf.app.utils.AutoScrollViewPager
com.mrf.app.activity.FAQActivity_ViewBinding
com.mrf.app.activity.PrivecyPolicyActivity
com.mrf.app.MyApplication
com.mrf.app.activity.SearchActivity
com.mrf.app.activity.AddressActivity$AddressAdapter$ViewHolder_ViewBinding
com.mrf.app.activity.SearchActivity_ViewBinding
com.mrf.app.adepter.ItemCategoryAdapter$ViewHolder_ViewBinding
com.mrf.app.fragment.PopularFragment_ViewBinding
com.mrf.app.activity.RazerpayActivity
com.mrf.app.fragment.HomeFragment_ViewBinding
com.mrf.app.activity.AboutsActivity_ViewBinding
com.mrf.app.activity.FAQActivity
com.mrf.app.activity.MyordersActivity
com.mrf.app.activity.OtpLoginActivity
com.mrf.app.adepter.PopularAdapter$ViewHolder_ViewBinding
com.mrf.app.activity.CongratulactionActivity
com.mrf.app.activity.ItemDetailsActivity_ViewBinding
com.mrf.app.MainActivity
com.mrf.app.activity.TramsAndConditionActivity_ViewBinding
com.mrf.app.activity.ForgotActivity_ViewBinding
com.mrf.app.activity.MyordersActivity_ViewBinding
com.mrf.app.activity.NotificationActivity_ViewBinding
com.mrf.app.activity.LoginstartActivity_ViewBinding
com.mrf.app.activity.ProfileActivity_ViewBinding
com.mrf.app.fragment.SelectPaymentFragment_ViewBinding
com.mrf.app.adepter.MycartAdapter$ViewHolder_ViewBinding
com.mrf.app.activity.MyordersActivity$OrderAdapter$ViewHolder_ViewBinding
com.mrf.app.activity.AddressActivity
com.mrf.app.fragment.AddressFragment$SelectAdrsAdapter$ViewHolder_ViewBinding
com.mrf.app.adepter.CategoryAdapter$ViewHolder_ViewBinding
com.mrf.app.activity.NotificationActivity
com.mrf.app.fragment.AddressFragment$SelectAdrsAdapter$ViewHolder: android.widget.RadioButton offerSelect
com.mrf.app.model.Listdatum: java.lang.String mTitle
com.mrf.app.model.Orderdata: java.lang.String mResponseCode
com.mrf.app.adepter.CategoryAdapter$ViewHolder: android.widget.ImageView imageView
com.mrf.app.activity.FAQActivity: androidx.appcompat.widget.Toolbar toolbarTop
com.mrf.app.activity.AddressActivity$AddressAdapter$ViewHolder: android.widget.RadioButton offerSelect
com.mrf.app.model.ReadNoti: java.lang.String mResponseCode
com.mrf.app.activity.SignUpActivity: android.widget.TextView txtForgot
com.mrf.app.model.OrderDatum: java.lang.String mStatus
com.mrf.app.adepter.PopularAdapter$ViewHolder: android.widget.TextView txtTitel
com.mrf.app.model.Productlist: java.lang.String mId
com.mrf.app.model.User: java.lang.String mResult
com.mrf.app.model.User: java.lang.String mResponseMsg
com.mrf.app.model.MainData: java.lang.String raz_key
com.mrf.app.model.ResNoti: java.lang.String result
com.mrf.app.activity.SearchActivity: android.widget.ImageView imgSearch
...
com.razorpay.c__C_$Q_$2$: void G__G_()
com.razorpay.K$$z$: int R$$r_(int)
androidx.core.view.WindowInsetsCompat$BuilderImpl29: WindowInsetsCompat$BuilderImpl29()
com.razorpay.B$$W$: void a_$P$(boolean)
com.razorpay.PluginOtpElfCheckoutPresenterImpl: void onRequestPermissionsResult(int,java.lang.String[],int[])
com.razorpay.RzpInternalCallback: void onPaymentError(int,java.lang.String)
androidx.appcompat.widget.AppCompatSpinner: int getDropDownWidth()
com.razorpay.J$_0_: J$_0_(java.lang.String)
com.google.android.material.chip.Chip: void setChipCornerRadiusResource(int)
com.google.android.material.chip.ChipGroup: void setOnHierarchyChangeListener(android.view.ViewGroup$OnHierarchyChangeListener)
androidx.constraintlayout.widget.ConstraintHelper: void setIds(java.lang.String)
com.razorpay.CheckoutActivity: void requestSmsPermission()
com.google.android.material.textfield.TextInputLayout: void setEndIconMode(int)
com.razorpay.b__J_: void makeWebViewVisible(int)
com.onesignal.OSNotificationAction$ActionType: com.onesignal.OSNotificationAction$ActionType valueOf(java.lang.String)
com.razorpay.B$$W$: void R$$r_()
com.razorpay.RzpAssist$4: void run()
com.bumptech.glide.load.engine.DecodeJob$Stage: com.bumptech.glide.load.engine.DecodeJob$Stage[] values()
com.google.android.material.appbar.MaterialToolbar: void setElevation(float)
com.google.android.material.floatingactionbutton.FloatingActionButton$BaseBehavior: FloatingActionButton$BaseBehavior(android.content.Context,android.util.AttributeSet)
androidx.constraintlayout.widget.Guideline: void setGuidelinePercent(float)
androidx.appcompat.widget.AppCompatSpinner: android.content.Context getPopupContext()
com.onesignal.GcmIntentService: GcmIntentService()
com.google.android.material.internal.VisibilityAwareImageButton: int getUserSetVisibility()
androidx.vectordrawable.graphics.drawable.VectorDrawableCompat$VGroup: void setScaleY(float)
com.google.android.material.chip.Chip: void setOnCheckedChangeListenerInternal(android.widget.CompoundButton$OnCheckedChangeListener)
butterknife.R$dimen: R$dimen()
androidx.appcompat.widget.SearchView: SearchView(android.content.Context,android.util.AttributeSet,int)
com.onesignal.OneSignalStateSynchronizer$UserStateSynchronizerType: com.onesignal.OneSignalStateSynchronizer$UserStateSynchronizerType valueOf(java.lang.String)
com.razorpay.AnalyticsProperty$R$$r_: com.razorpay.AnalyticsProperty$R$$r_ valueOf(java.lang.String)
androidx.appcompat.widget.ActionBarContextView: java.lang.CharSequence getTitle()
com.google.android.material.floatingactionbutton.ExtendedFloatingActionButton: com.google.android.material.animation.MotionSpec getExtendMotionSpec()
com.google.android.material.textfield.TextInputLayout: void setBoxStrokeColorStateList(android.content.res.ColorStateList)
com.razorpay.BaseUtils: java.lang.CharSequence getWebViewUserAgent(android.content.Context)
com.google.android.material.chip.Chip: android.graphics.RectF getCloseIconTouchBounds()
com.onesignal.OSNotification$DisplayType: com.onesignal.OSNotification$DisplayType[] values()
com.razorpay.N$$J$: void setString(java.lang.String,java.lang.String)
com.google.android.material.chip.Chip: android.graphics.Rect getCloseIconTouchBoundsInt()
com.google.android.material.chip.Chip: float getCloseIconStartPadding()
androidx.appcompat.widget.Toolbar: java.lang.CharSequence getTitle()
androidx.coordinatorlayout.widget.CoordinatorLayout: android.graphics.drawable.Drawable getStatusBarBackground()
com.razorpay.T__j$: void a_$P$(com.razorpay.T__j$,java.lang.String)
com.razorpay.AnalyticsProperty$R$$r_: com.razorpay.AnalyticsProperty$R$$r_[] values()
com.google.android.material.appbar.AppBarLayout: void setOrientation(int)
com.google.android.material.chip.Chip: void setLines(int)
com.google.android.gms.dynamite.descriptors.com.google.firebase.auth.ModuleDescriptor: ModuleDescriptor()
com.google.firebase.abt.component.AbtRegistrar: AbtRegistrar()
com.razorpay.Y$_o$: void setDimensions(int,int)