app/unused.txt
com.mrf.app.BuildConfig
com.mrf.app.Notification.MyFirebaseMessagingService
com.mrf.app.R$anim
com.mrf.app.R$animator
com.mrf.app.R$array
com.mrf.app.R$attr
com.mrf.app.R$bool
com.mrf.app.R$color
com.mrf.app.R$dimen
com.mrf.app.R$drawable
com.mrf.app.R$font
com.mrf.app.R$id
com.mrf.app.R$integer
com.mrf.app.R$interpolator
com.mrf.app.R$layout
com.mrf.app.R$mipmap
com.mrf.app.R$plurals
com.mrf.app.R$raw
com.mrf.app.R$string
com.mrf.app.R$style
com.mrf.app.R$styleable
com.mrf.app.R$xml
com.mrf.app.R
com.mrf.app.SliderItemFragment:
    private static final java.lang.String ARG_POSITION
com.mrf.app.activity.AboutsActivity_ViewBinding:
    public void <init>(com.mrf.app.activity.AboutsActivity)
    public void unbind()
com.mrf.app.activity.AddressActivity$AddressAdapter$ViewHolder_ViewBinding:
    public void unbind()
com.mrf.app.activity.AddressActivity_ViewBinding:
    public void <init>(com.mrf.app.activity.AddressActivity)
    public void unbind()
com.mrf.app.activity.CongratulactionActivity_ViewBinding:
    public void <init>(com.mrf.app.activity.CongratulactionActivity)
    public void unbind()
com.mrf.app.activity.FAQActivity_ViewBinding:
    public void <init>(com.mrf.app.activity.FAQActivity)
    public void unbind()
com.mrf.app.activity.ForgotActivity_ViewBinding:
    public void <init>(com.mrf.app.activity.ForgotActivity)
    public void unbind()
com.mrf.app.activity.HomeActivity_ViewBinding:
    public void <init>(com.mrf.app.activity.HomeActivity)
    public void unbind()
com.mrf.app.activity.ItemDetailsActivity_ViewBinding:
    public void <init>(com.mrf.app.activity.ItemDetailsActivity)
    public void unbind()
com.mrf.app.activity.LoginstartActivity_ViewBinding:
    public void <init>(com.mrf.app.activity.LoginstartActivity)
    public void unbind()
com.mrf.app.activity.MyordersActivity$MyOrderAdepter$ViewHolder_ViewBinding:
    public void unbind()
com.mrf.app.activity.MyordersActivity$OrderAdapter$ViewHolder:
    final synthetic com.mrf.app.activity.MyordersActivity$OrderAdapter this$1
    public void <init>(com.mrf.app.activity.MyordersActivity$OrderAdapter,android.view.View)
com.mrf.app.activity.MyordersActivity$OrderAdapter$ViewHolder_ViewBinding:
    public void unbind()
com.mrf.app.activity.MyordersActivity$OrderAdapter
com.mrf.app.activity.MyordersActivity_ViewBinding:
    public void <init>(com.mrf.app.activity.MyordersActivity)
    public void unbind()
com.mrf.app.activity.NotificationActivity_ViewBinding:
    public void <init>(com.mrf.app.activity.NotificationActivity)
    public void unbind()
com.mrf.app.activity.NotificationDetailsActivity_ViewBinding:
    public void <init>(com.mrf.app.activity.NotificationDetailsActivity)
    public void unbind()
com.mrf.app.activity.PrivecyPolicyActivity_ViewBinding:
    public void <init>(com.mrf.app.activity.PrivecyPolicyActivity)
    public void unbind()
com.mrf.app.activity.ProfileActivity_ViewBinding:
    public void <init>(com.mrf.app.activity.ProfileActivity)
    public void unbind()
com.mrf.app.activity.SearchActivity_ViewBinding:
    public void <init>(com.mrf.app.activity.SearchActivity)
    public void unbind()
com.mrf.app.activity.SignInActivity:
    static java.lang.String globalNumber
    void signUp(java.lang.String)
com.mrf.app.activity.SignInActivity_ViewBinding:
    public void <init>(com.mrf.app.activity.SignInActivity)
    public void unbind()
com.mrf.app.activity.SignUpActivity:
    void login(java.lang.String)
com.mrf.app.activity.SignUpActivity_ViewBinding:
    public void <init>(com.mrf.app.activity.SignUpActivity)
    public void unbind()
com.mrf.app.activity.TramsAndConditionActivity_ViewBinding:
    public void <init>(com.mrf.app.activity.TramsAndConditionActivity)
    public void unbind()
com.mrf.app.activity.UpdateAddressActivity_ViewBinding:
    public void <init>(com.mrf.app.activity.UpdateAddressActivity)
    public void unbind()
com.mrf.app.adepter.CategoryAdapter$ViewHolder_ViewBinding:
    public void unbind()
...
androidx.fragment.app.FragmentTransitionCompat21:
    public java.lang.Object mergeTransitionsInSequence(java.lang.Object,java.lang.Object,java.lang.Object)
androidx.fragment.app.FragmentTransitionImpl$1:
    public final synthetic androidx.fragment.app.FragmentTransitionImpl this$0
androidx.fragment.app.FragmentTransitionImpl$2:
    public final synthetic androidx.fragment.app.FragmentTransitionImpl this$0
androidx.fragment.app.FragmentTransitionImpl$3:
    public final synthetic androidx.fragment.app.FragmentTransitionImpl this$0
androidx.fragment.app.FragmentTransitionImpl:
    public static java.lang.String findKeyForValue(java.util.Map,java.lang.String)
    public abstract java.lang.Object mergeTransitionsInSequence(java.lang.Object,java.lang.Object,java.lang.Object)
    public java.util.ArrayList prepareSetNameOverridesReordered(java.util.ArrayList)
    public void scheduleNameReset(android.view.ViewGroup,java.util.ArrayList,java.util.Map)
    public void setNameOverridesOrdered(android.view.View,java.util.ArrayList,java.util.Map)
    public void setNameOverridesReordered(android.view.View,java.util.ArrayList,java.util.ArrayList,java.util.ArrayList,java.util.Map)
androidx.fragment.app.FragmentViewLifecycleOwner:
    public void handleLifecycleEvent(androidx.lifecycle.Lifecycle$Event)
    public void initialize()
    public boolean isInitialized()
androidx.lifecycle.ClassesInfoCache$CallbackInfo:
    public void invokeCallbacks(androidx.lifecycle.LifecycleOwner,androidx.lifecycle.Lifecycle$Event,java.lang.Object)
androidx.lifecycle.ClassesInfoCache$MethodReference:
    public void invokeCallback(androidx.lifecycle.LifecycleOwner,androidx.lifecycle.Lifecycle$Event,java.lang.Object)
androidx.lifecycle.ClassesInfoCache:
    public final java.lang.reflect.Method[] getDeclaredMethods(java.lang.Class)
    public boolean hasLifecycleMethods(java.lang.Class)
androidx.lifecycle.FullLifecycleObserverAdapter$1
androidx.lifecycle.Lifecycle$State:
    public boolean isAtLeast(androidx.lifecycle.Lifecycle$State)
androidx.lifecycle.Lifecycle:
    public java.util.concurrent.atomic.AtomicReference mInternalScopeRef
    public abstract androidx.lifecycle.Lifecycle$State getCurrentState()
    public abstract void removeObserver(androidx.lifecycle.LifecycleObserver)
androidx.lifecycle.LifecycleRegistry$1
androidx.lifecycle.LifecycleRegistry:
    public final void backwardPass(androidx.lifecycle.LifecycleOwner)
    public static androidx.lifecycle.Lifecycle$Event downEvent(androidx.lifecycle.Lifecycle$State)
    public final void forwardPass(androidx.lifecycle.LifecycleOwner)
    public androidx.lifecycle.Lifecycle$State getCurrentState()
    public final boolean isSynced()
    public void markState(androidx.lifecycle.Lifecycle$State)
    public final void pushParentState(androidx.lifecycle.Lifecycle$State)
    public void removeObserver(androidx.lifecycle.LifecycleObserver)
    public void setCurrentState(androidx.lifecycle.Lifecycle$State)
androidx.lifecycle.Lifecycling$1:
    public final synthetic androidx.lifecycle.LifecycleEventObserver val$observer
androidx.lifecycle.Lifecycling:
    public static java.lang.reflect.Constructor generatedConstructor(java.lang.Class)
    public static boolean isLifecycleParent(java.lang.Class)
    public static androidx.lifecycle.LifecycleEventObserver lifecycleEventObserver(java.lang.Object)
    public static int resolveObserverCallbackType(java.lang.Class)
androidx.lifecycle.LiveData$1
androidx.lifecycle.LiveData$LifecycleBoundObserver:
    public void <init>(androidx.lifecycle.LiveData,androidx.lifecycle.LifecycleOwner,androidx.lifecycle.Observer)
    public boolean isAttachedTo(androidx.lifecycle.LifecycleOwner)
androidx.lifecycle.LiveData$ObserverWrapper:
    public void <init>(androidx.lifecycle.LiveData,androidx.lifecycle.Observer)
    public boolean isAttachedTo(androidx.lifecycle.LifecycleOwner)